{"D:\\PROGRAMING\\PROJECTS-PESRO\\TRAINING\\all-tests\\other\\react\\src\\index.js": {"path":"D:\\PROGRAMING\\PROJECTS-PESRO\\TRAINING\\all-tests\\other\\react\\src\\index.js","statementMap":{"0":{"start":{"line":1,"column":0},"end":{"line":null,"column":-1}},"1":{"start":{"line":2,"column":0},"end":{"line":null,"column":-1}},"2":{"start":{"line":3,"column":0},"end":{"line":null,"column":-1}},"3":{"start":{"line":4,"column":0},"end":{"line":null,"column":-1}},"4":{"start":{"line":5,"column":0},"end":{"line":null,"column":-1}},"5":{"start":{"line":5,"column":49},"end":{"line":null,"column":-1}},"6":{"start":{"line":5,"column":49},"end":{"line":5,"column":48}},"7":{"start":{"line":7,"column":0},"end":{"line":7,"column":57}},"8":{"start":{"line":9,"column":0},"end":{"line":9,"column":26}}},"fnMap":{"0":{"name":"_getRequireWildcardCache","decl":{"start":{"line":5,"column":49},"end":{"line":5,"column":48}},"loc":{"start":{"line":5,"column":49},"end":{"line":null,"column":-1}}}},"branchMap":{"0":{"loc":{"start":{"line":5,"column":49},"end":{"line":5,"column":48}},"type":"if","locations":[{"start":{"line":5,"column":49},"end":{"line":5,"column":48}},{"start":{"line":5,"column":49},"end":{"line":5,"column":48}}]},"1":{"loc":{"start":{"line":5,"column":49},"end":{"line":5,"column":48}},"type":"binary-expr","locations":[{"start":{"line":5,"column":49},"end":{"line":5,"column":48}},{"start":{"line":5,"column":49},"end":{"line":5,"column":48}},{"start":{"line":5,"column":49},"end":{"line":5,"column":48}}]}},"s":{"0":0,"1":0,"2":0,"3":0,"4":0,"5":0,"6":0,"7":0,"8":0},"f":{"0":0},"b":{"0":[0,0],"1":[0,0,0]}}
,"D:\\PROGRAMING\\PROJECTS-PESRO\\TRAINING\\all-tests\\other\\react\\src\\serviceWorker.js": {"path":"D:\\PROGRAMING\\PROJECTS-PESRO\\TRAINING\\all-tests\\other\\react\\src\\serviceWorker.js","statementMap":{"0":{"start":{"line":13,"column":20},"end":{"line":21,"column":1}},"1":{"start":{"line":24,"column":2},"end":{"line":54,"column":2}},"2":{"start":{"line":26,"column":22},"end":{"line":26,"column":75}},"3":{"start":{"line":27,"column":4},"end":{"line":32,"column":4}},"4":{"start":{"line":31,"column":6},"end":{"line":null,"column":-1}},"5":{"start":{"line":34,"column":4},"end":{"line":53,"column":6}},"6":{"start":{"line":35,"column":21},"end":{"line":35,"column":65}},"7":{"start":{"line":37,"column":6},"end":{"line":52,"column":6}},"8":{"start":{"line":39,"column":8},"end":{"line":39,"column":46}},"9":{"start":{"line":43,"column":8},"end":{"line":48,"column":10}},"10":{"start":{"line":44,"column":10},"end":{"line":47,"column":11}},"11":{"start":{"line":51,"column":8},"end":{"line":51,"column":38}},"12":{"start":{"line":58,"column":2},"end":{"line":98,"column":6}},"13":{"start":{"line":61,"column":6},"end":{"line":94,"column":7}},"14":{"start":{"line":62,"column":33},"end":{"line":62,"column":56}},"15":{"start":{"line":63,"column":8},"end":{"line":65,"column":8}},"16":{"start":{"line":64,"column":10},"end":{"line":null,"column":-1}},"17":{"start":{"line":66,"column":8},"end":{"line":93,"column":9}},"18":{"start":{"line":67,"column":10},"end":{"line":92,"column":10}},"19":{"start":{"line":68,"column":12},"end":{"line":91,"column":12}},"20":{"start":{"line":72,"column":14},"end":{"line":75,"column":15}},"21":{"start":{"line":78,"column":14},"end":{"line":80,"column":14}},"22":{"start":{"line":79,"column":16},"end":{"line":79,"column":45}},"23":{"start":{"line":85,"column":14},"end":{"line":85,"column":63}},"24":{"start":{"line":88,"column":14},"end":{"line":90,"column":14}},"25":{"start":{"line":89,"column":16},"end":{"line":89,"column":46}},"26":{"start":{"line":97,"column":6},"end":{"line":97,"column":71}},"27":{"start":{"line":103,"column":2},"end":{"line":126,"column":6}},"28":{"start":{"line":106,"column":26},"end":{"line":106,"column":62}},"29":{"start":{"line":107,"column":6},"end":{"line":120,"column":6}},"30":{"start":{"line":112,"column":8},"end":{"line":116,"column":10}},"31":{"start":{"line":113,"column":10},"end":{"line":115,"column":12}},"32":{"start":{"line":114,"column":12},"end":{"line":114,"column":36}},"33":{"start":{"line":119,"column":8},"end":{"line":119,"column":38}},"34":{"start":{"line":123,"column":6},"end":{"line":125,"column":7}},"35":{"start":{"line":130,"column":2},"end":{"line":134,"column":2}},"36":{"start":{"line":131,"column":4},"end":{"line":133,"column":6}},"37":{"start":{"line":132,"column":6},"end":{"line":132,"column":31}}},"fnMap":{"0":{"name":"register","decl":{"start":{"line":23,"column":16},"end":{"line":23,"column":24}},"loc":{"start":{"line":23,"column":33},"end":{"line":55,"column":0}}},"1":{"name":"(anonymous_1)","decl":{"start":{"line":34,"column":36},"end":{"line":34,"column":41}},"loc":{"start":{"line":34,"column":42},"end":{"line":53,"column":5}}},"2":{"name":"(anonymous_2)","decl":{"start":{"line":43,"column":43},"end":{"line":43,"column":48}},"loc":{"start":{"line":43,"column":49},"end":{"line":48,"column":9}}},"3":{"name":"registerValidSW","decl":{"start":{"line":57,"column":9},"end":{"line":57,"column":24}},"loc":{"start":{"line":57,"column":40},"end":{"line":99,"column":0}}},"4":{"name":"(anonymous_4)","decl":{"start":{"line":60,"column":10},"end":{"line":60,"column":21}},"loc":{"start":{"line":60,"column":26},"end":{"line":95,"column":5}}},"5":{"name":"(anonymous_5)","decl":{"start":{"line":61,"column":35},"end":{"line":61,"column":40}},"loc":{"start":{"line":61,"column":41},"end":{"line":94,"column":7}}},"6":{"name":"(anonymous_6)","decl":{"start":{"line":66,"column":41},"end":{"line":66,"column":46}},"loc":{"start":{"line":66,"column":47},"end":{"line":93,"column":9}}},"7":{"name":"(anonymous_7)","decl":{"start":{"line":96,"column":11},"end":{"line":96,"column":15}},"loc":{"start":{"line":96,"column":20},"end":{"line":98,"column":5}}},"8":{"name":"checkValidServiceWorker","decl":{"start":{"line":101,"column":9},"end":{"line":101,"column":32}},"loc":{"start":{"line":101,"column":48},"end":{"line":127,"column":0}}},"9":{"name":"(anonymous_9)","decl":{"start":{"line":104,"column":10},"end":{"line":104,"column":17}},"loc":{"start":{"line":104,"column":22},"end":{"line":121,"column":5}}},"10":{"name":"(anonymous_10)","decl":{"start":{"line":112,"column":43},"end":{"line":112,"column":54}},"loc":{"start":{"line":112,"column":59},"end":{"line":116,"column":9}}},"11":{"name":"(anonymous_11)","decl":{"start":{"line":113,"column":41},"end":{"line":113,"column":46}},"loc":{"start":{"line":113,"column":47},"end":{"line":115,"column":11}}},"12":{"name":"(anonymous_12)","decl":{"start":{"line":122,"column":11},"end":{"line":122,"column":16}},"loc":{"start":{"line":122,"column":17},"end":{"line":126,"column":5}}},"13":{"name":"unregister","decl":{"start":{"line":129,"column":16},"end":{"line":129,"column":26}},"loc":{"start":{"line":129,"column":29},"end":{"line":135,"column":0}}},"14":{"name":"(anonymous_14)","decl":{"start":{"line":131,"column":39},"end":{"line":131,"column":50}},"loc":{"start":{"line":131,"column":55},"end":{"line":133,"column":5}}}},"branchMap":{"0":{"loc":{"start":{"line":14,"column":2},"end":{"line":14,"column":42}},"type":"binary-expr","locations":[{"start":{"line":14,"column":2},"end":{"line":14,"column":42}},{"start":{"line":16,"column":4},"end":{"line":16,"column":40}},{"start":{"line":18,"column":4},"end":{"line":21,"column":0}}]},"1":{"loc":{"start":{"line":24,"column":2},"end":{"line":54,"column":2}},"type":"if","locations":[{"start":{"line":24,"column":2},"end":{"line":54,"column":2}},{"start":{"line":24,"column":2},"end":{"line":54,"column":2}}]},"2":{"loc":{"start":{"line":24,"column":6},"end":{"line":24,"column":43}},"type":"binary-expr","locations":[{"start":{"line":24,"column":6},"end":{"line":24,"column":43}},{"start":{"line":24,"column":47},"end":{"line":24,"column":75}}]},"3":{"loc":{"start":{"line":27,"column":4},"end":{"line":32,"column":4}},"type":"if","locations":[{"start":{"line":27,"column":4},"end":{"line":32,"column":4}},{"start":{"line":27,"column":4},"end":{"line":32,"column":4}}]},"4":{"loc":{"start":{"line":37,"column":6},"end":{"line":52,"column":6}},"type":"if","locations":[{"start":{"line":37,"column":6},"end":{"line":52,"column":6}},{"start":{"line":37,"column":6},"end":{"line":52,"column":6}}]},"5":{"loc":{"start":{"line":63,"column":8},"end":{"line":65,"column":8}},"type":"if","locations":[{"start":{"line":63,"column":8},"end":{"line":65,"column":8}},{"start":{"line":63,"column":8},"end":{"line":65,"column":8}}]},"6":{"loc":{"start":{"line":67,"column":10},"end":{"line":92,"column":10}},"type":"if","locations":[{"start":{"line":67,"column":10},"end":{"line":92,"column":10}},{"start":{"line":67,"column":10},"end":{"line":92,"column":10}}]},"7":{"loc":{"start":{"line":68,"column":12},"end":{"line":91,"column":12}},"type":"if","locations":[{"start":{"line":68,"column":12},"end":{"line":91,"column":12}},{"start":{"line":68,"column":12},"end":{"line":91,"column":12}}]},"8":{"loc":{"start":{"line":78,"column":14},"end":{"line":80,"column":14}},"type":"if","locations":[{"start":{"line":78,"column":14},"end":{"line":80,"column":14}},{"start":{"line":78,"column":14},"end":{"line":80,"column":14}}]},"9":{"loc":{"start":{"line":78,"column":18},"end":{"line":78,"column":24}},"type":"binary-expr","locations":[{"start":{"line":78,"column":18},"end":{"line":78,"column":24}},{"start":{"line":78,"column":28},"end":{"line":78,"column":43}}]},"10":{"loc":{"start":{"line":88,"column":14},"end":{"line":90,"column":14}},"type":"if","locations":[{"start":{"line":88,"column":14},"end":{"line":90,"column":14}},{"start":{"line":88,"column":14},"end":{"line":90,"column":14}}]},"11":{"loc":{"start":{"line":88,"column":18},"end":{"line":88,"column":24}},"type":"binary-expr","locations":[{"start":{"line":88,"column":18},"end":{"line":88,"column":24}},{"start":{"line":88,"column":28},"end":{"line":88,"column":44}}]},"12":{"loc":{"start":{"line":107,"column":6},"end":{"line":120,"column":6}},"type":"if","locations":[{"start":{"line":107,"column":6},"end":{"line":120,"column":6}},{"start":{"line":107,"column":6},"end":{"line":120,"column":6}}]},"13":{"loc":{"start":{"line":108,"column":8},"end":{"line":108,"column":31}},"type":"binary-expr","locations":[{"start":{"line":108,"column":8},"end":{"line":108,"column":31}},{"start":{"line":109,"column":9},"end":{"line":109,"column":28}},{"start":{"line":109,"column":32},"end":{"line":109,"column":73}}]},"14":{"loc":{"start":{"line":130,"column":2},"end":{"line":134,"column":2}},"type":"if","locations":[{"start":{"line":130,"column":2},"end":{"line":134,"column":2}},{"start":{"line":130,"column":2},"end":{"line":134,"column":2}}]}},"s":{"0":0,"1":0,"2":0,"3":0,"4":0,"5":0,"6":0,"7":0,"8":0,"9":0,"10":0,"11":0,"12":0,"13":0,"14":0,"15":0,"16":0,"17":0,"18":0,"19":0,"20":0,"21":0,"22":0,"23":0,"24":0,"25":0,"26":0,"27":0,"28":0,"29":0,"30":0,"31":0,"32":0,"33":0,"34":0,"35":0,"36":0,"37":0},"f":{"0":0,"1":0,"2":0,"3":0,"4":0,"5":0,"6":0,"7":0,"8":0,"9":0,"10":0,"11":0,"12":0,"13":0,"14":0},"b":{"0":[0,0,0],"1":[0,0],"2":[0,0],"3":[0,0],"4":[0,0],"5":[0,0],"6":[0,0],"7":[0,0],"8":[0,0],"9":[0,0],"10":[0,0],"11":[0,0],"12":[0,0],"13":[0,0,0],"14":[0,0]}}
,"D:\\PROGRAMING\\PROJECTS-PESRO\\TRAINING\\all-tests\\other\\react\\src\\components\\App.js": {"path":"D:\\PROGRAMING\\PROJECTS-PESRO\\TRAINING\\all-tests\\other\\react\\src\\components\\App.js","statementMap":{"0":{"start":{"line":8,"column":4},"end":{"line":8,"column":17}},"1":{"start":{"line":9,"column":4},"end":{"line":9,"column":29}},"2":{"start":{"line":13,"column":4},"end":{"line":26,"column":6}}},"fnMap":{"0":{"name":"(anonymous_0)","decl":{"start":{"line":7,"column":2},"end":{"line":7,"column":3}},"loc":{"start":{"line":7,"column":21},"end":{"line":10,"column":3}},"line":7},"1":{"name":"(anonymous_1)","decl":{"start":{"line":12,"column":2},"end":{"line":12,"column":3}},"loc":{"start":{"line":12,"column":11},"end":{"line":27,"column":3}},"line":12}},"branchMap":{},"s":{"0":1,"1":1,"2":1},"f":{"0":1,"1":1},"b":{},"_coverageSchema":"332fd63041d2c1bcb487cc26dd0d5f7d97098a6c","hash":"188657b55bf07263e5917d6b852bc1bb7547bd90"}
,"D:\\PROGRAMING\\PROJECTS-PESRO\\TRAINING\\all-tests\\other\\react\\src\\components\\listings\\Grid.js": {"path":"D:\\PROGRAMING\\PROJECTS-PESRO\\TRAINING\\all-tests\\other\\react\\src\\components\\listings\\Grid.js","statementMap":{"0":{"start":{"line":7,"column":4},"end":{"line":9,"column":7}},"1":{"start":{"line":8,"column":6},"end":{"line":8,"column":41}},"2":{"start":{"line":13,"column":4},"end":{"line":21,"column":5}},"3":{"start":{"line":25,"column":0},"end":{"line":27,"column":2}}},"fnMap":{"0":{"name":"(anonymous_0)","decl":{"start":{"line":6,"column":2},"end":{"line":6,"column":3}},"loc":{"start":{"line":6,"column":15},"end":{"line":10,"column":3}},"line":6},"1":{"name":"(anonymous_1)","decl":{"start":{"line":7,"column":32},"end":{"line":7,"column":33}},"loc":{"start":{"line":8,"column":6},"end":{"line":8,"column":41}},"line":8},"2":{"name":"(anonymous_2)","decl":{"start":{"line":12,"column":2},"end":{"line":12,"column":3}},"loc":{"start":{"line":12,"column":11},"end":{"line":22,"column":3}},"line":12}},"branchMap":{},"s":{"0":1,"1":12,"2":1,"3":1},"f":{"0":1,"1":12,"2":1},"b":{},"_coverageSchema":"332fd63041d2c1bcb487cc26dd0d5f7d97098a6c","hash":"84d9c46f4d27fd3ba92bf6327ef3200aa73b6eca"}
,"D:\\PROGRAMING\\PROJECTS-PESRO\\TRAINING\\all-tests\\other\\react\\src\\components\\listings\\Single.js": {"path":"D:\\PROGRAMING\\PROJECTS-PESRO\\TRAINING\\all-tests\\other\\react\\src\\components\\listings\\Single.js","statementMap":{"0":{"start":{"line":4,"column":15},"end":{"line":30,"column":1}},"1":{"start":{"line":5,"column":2},"end":{"line":29,"column":4}},"2":{"start":{"line":32,"column":0},"end":{"line":34,"column":2}}},"fnMap":{"0":{"name":"(anonymous_0)","decl":{"start":{"line":4,"column":15},"end":{"line":4,"column":16}},"loc":{"start":{"line":4,"column":27},"end":{"line":30,"column":1}},"line":4}},"branchMap":{},"s":{"0":1,"1":12,"2":1},"f":{"0":12},"b":{},"_coverageSchema":"332fd63041d2c1bcb487cc26dd0d5f7d97098a6c","hash":"a49beb9816a396296295a0d22551fc5cff7c6a48"}
}
